<?xml version="1.0" encoding="UTF-8" standalone="yes"?><!DOCTYPE report PUBLIC "-//JACOCO//DTD Report 1.1//EN" "report.dtd"><report name="ComponentProgramming"><sessioninfo id="DESKTOP-AFBEIP7-6899f50c" start="1679394530872" dump="1679394534016"/><sessioninfo id="DESKTOP-AFBEIP7-676bf21" start="1679394876796" dump="1679394880155"/><sessioninfo id="DESKTOP-AFBEIP7-b8b1771d" start="1679394908864" dump="1679394912464"/><sessioninfo id="DESKTOP-AFBEIP7-fbefb737" start="1679406755746" dump="1679406757840"/><sessioninfo id="DESKTOP-AFBEIP7-fb4ebe8a" start="1679407129918" dump="1679407131965"/><sessioninfo id="DESKTOP-AFBEIP7-351a9706" start="1679480684636" dump="1679480687441"/><sessioninfo id="DESKTOP-AFBEIP7-37f31667" start="1679481136668" dump="1679481139450"/><sessioninfo id="DESKTOP-AFBEIP7-bb3b7e76" start="1679481324749" dump="1679481327701"/><sessioninfo id="DESKTOP-AFBEIP7-24e29961" start="1679481958378" dump="1679481961548"/><sessioninfo id="DESKTOP-AFBEIP7-6c0f0ac1" start="1679482006292" dump="1679482009555"/><sessioninfo id="DESKTOP-AFBEIP7-e2aebed6" start="1679482073159" dump="1679482077008"/><sessioninfo id="DESKTOP-AFBEIP7-131348b4" start="1679482156843" dump="1679482159672"/><sessioninfo id="DESKTOP-AFBEIP7-850c3c7" start="1679482189788" dump="1679482192515"/><sessioninfo id="DESKTOP-AFBEIP7-d1f2f5cc" start="1679482220181" dump="1679482223143"/><sessioninfo id="DESKTOP-AFBEIP7-dd5e98b9" start="1679482295281" dump="1679482298728"/><sessioninfo id="DESKTOP-AFBEIP7-fd5feb50" start="1679482359349" dump="1679482362790"/><sessioninfo id="DESKTOP-AFBEIP7-fe47adef" start="1679483436705" dump="1679483439837"/><sessioninfo id="DESKTOP-AFBEIP7-fe60f445" start="1679483610507" dump="1679483613777"/><sessioninfo id="DESKTOP-AFBEIP7-d3cd9fb8" start="1679483640283" dump="1679483643479"/><sessioninfo id="DESKTOP-AFBEIP7-8974da0b" start="1679483679062" dump="1679483682293"/><sessioninfo id="DESKTOP-AFBEIP7-f54b66a4" start="1679483906990" dump="1679483910941"/><sessioninfo id="DESKTOP-AFBEIP7-42cf675e" start="1679483968301" dump="1679483973499"/><sessioninfo id="DESKTOP-AFBEIP7-a7771b0b" start="1679484120919" dump="1679484124217"/><sessioninfo id="DESKTOP-AFBEIP7-29df596c" start="1679484176259" dump="1679484179671"/><sessioninfo id="DESKTOP-AFBEIP7-d179d90" start="1679487389303" dump="1679487394509"/><sessioninfo id="DESKTOP-AFBEIP7-ab5591c6" start="1679487518714" dump="1679487522366"/><sessioninfo id="DESKTOP-AFBEIP7-e057c367" start="1679487585613" dump="1679487589802"/><sessioninfo id="DESKTOP-AFBEIP7-a2490afa" start="1679487659627" dump="1679487662483"/><sessioninfo id="DESKTOP-AFBEIP7-51dc738b" start="1679487690931" dump="1679487694192"/><sessioninfo id="DESKTOP-AFBEIP7-ba002317" start="1679488775108" dump="1679488778834"/><sessioninfo id="DESKTOP-AFBEIP7-eec3bb7d" start="1679488846999" dump="1679488850139"/><sessioninfo id="DESKTOP-AFBEIP7-dd6f96a4" start="1679488889108" dump="1679488892264"/><sessioninfo id="DESKTOP-AFBEIP7-f6e5bc13" start="1679512694804" dump="1679512696939"/><sessioninfo id="DESKTOP-AFBEIP7-fa37f8bd" start="1679512748798" dump="1679512750751"/><sessioninfo id="DESKTOP-AFBEIP7-eb4dcefa" start="1679512905121" dump="1679512910427"/><sessioninfo id="DESKTOP-AFBEIP7-4486a514" start="1679512912395" dump="1679512917339"/><sessioninfo id="DESKTOP-AFBEIP7-412698ab" start="1679512955522" dump="1679512957840"/><sessioninfo id="DESKTOP-AFBEIP7-d37e7513" start="1679513022967" dump="1679513025244"/><sessioninfo id="DESKTOP-AFBEIP7-a2bf68da" start="1679513510303" dump="1679513512497"/><sessioninfo id="DESKTOP-AFBEIP7-3d088d0" start="1679513571729" dump="1679513573985"/><sessioninfo id="DESKTOP-AFBEIP7-fe78dc59" start="1679513658926" dump="1679513661061"/><sessioninfo id="DESKTOP-AFBEIP7-9c97edbb" start="1679513805977" dump="1679513808122"/><sessioninfo id="DESKTOP-AFBEIP7-2ec0bac8" start="1679513951894" dump="1679513954107"/><sessioninfo id="DESKTOP-AFBEIP7-9a977392" start="1679514069645" dump="1679514071958"/><sessioninfo id="DESKTOP-AFBEIP7-a9507483" start="1679514262659" dump="1679514265077"/><sessioninfo id="DESKTOP-AFBEIP7-660a30d7" start="1679515186757" dump="1679515189173"/><sessioninfo id="DESKTOP-AFBEIP7-50293e44" start="1679515222013" dump="1679515224186"/><sessioninfo id="DESKTOP-AFBEIP7-d1490235" start="1679515273204" dump="1679515275440"/><sessioninfo id="DESKTOP-AFBEIP7-23626015" start="1679515306582" dump="1679515308867"/><sessioninfo id="DESKTOP-AFBEIP7-8617b228" start="1679515375464" dump="1679515377661"/><sessioninfo id="DESKTOP-AFBEIP7-6241db07" start="1679515444470" dump="1679515446651"/><sessioninfo id="DESKTOP-AFBEIP7-6b2709f0" start="1679515500476" dump="1679515502641"/><sessioninfo id="DESKTOP-AFBEIP7-cbfc60bf" start="1679515584742" dump="1679515587230"/><sessioninfo id="DESKTOP-AFBEIP7-ff8a3959" start="1679515681219" dump="1679515683306"/><sessioninfo id="DESKTOP-AFBEIP7-b26c53b8" start="1679515735766" dump="1679515737921"/><sessioninfo id="DESKTOP-AFBEIP7-91b1ea4d" start="1679515814520" dump="1679515816953"/><sessioninfo id="DESKTOP-AFBEIP7-282df24e" start="1679516037283" dump="1679516039865"/><sessioninfo id="DESKTOP-AFBEIP7-ec0abc68" start="1679516163273" dump="1679516165778"/><sessioninfo id="DESKTOP-AFBEIP7-cb0b22fe" start="1679516188428" dump="1679516190553"/><sessioninfo id="DESKTOP-AFBEIP7-b49de5f9" start="1679516267318" dump="1679516269265"/><sessioninfo id="DESKTOP-AFBEIP7-b4cd4c40" start="1679516374045" dump="1679516376254"/><sessioninfo id="DESKTOP-AFBEIP7-f3a67a54" start="1679516411119" dump="1679516413235"/><sessioninfo id="DESKTOP-AFBEIP7-139eee21" start="1679516565403" dump="1679516567576"/><sessioninfo id="DESKTOP-AFBEIP7-801f8a8c" start="1679516649449" dump="1679516651592"/><sessioninfo id="DESKTOP-AFBEIP7-d3b5845f" start="1679516697896" dump="1679516699867"/><sessioninfo id="DESKTOP-AFBEIP7-d20adb37" start="1679516808227" dump="1679516810391"/><sessioninfo id="DESKTOP-AFBEIP7-96cbb66a" start="1679516850407" dump="1679516852585"/><sessioninfo id="DESKTOP-AFBEIP7-eb33df05" start="1679516908030" dump="1679516910190"/><sessioninfo id="DESKTOP-AFBEIP7-c5f71159" start="1679517080733" dump="1679517082738"/><sessioninfo id="Patrycha-24d6618c" start="1680010547768" dump="1680010550288"/><sessioninfo id="Patrycha-21a4db22" start="1680028343876" dump="1680028347578"/><sessioninfo id="DESKTOP-AFBEIP7-a5f3a975" start="1683105135049" dump="1683105137710"/><package name="sudoku/solver"><class name="sudoku/solver/SudokuSolver" sourcefilename="SudokuSolver.java"/><class name="sudoku/solver/TypeSudokuSolver" sourcefilename="TypeSudokuSolver.java"><method name="&lt;init&gt;" desc="()V" line="9"><counter type="INSTRUCTION" missed="0" covered="3"/><counter type="LINE" missed="0" covered="1"/><counter type="COMPLEXITY" missed="0" covered="1"/><counter type="METHOD" missed="0" covered="1"/></method><method name="solve" desc="(Lsudoku/board/SudokuBoard;)V" line="13"><counter type="INSTRUCTION" missed="0" covered="9"/><counter type="LINE" missed="0" covered="3"/><counter type="COMPLEXITY" missed="0" covered="1"/><counter type="METHOD" missed="0" covered="1"/></method><method name="backtrack" desc="(IILsudoku/board/SudokuBoard;)Z" line="18"><counter type="INSTRUCTION" missed="0" covered="116"/><counter type="BRANCH" missed="0" covered="12"/><counter type="LINE" missed="0" covered="14"/><counter type="COMPLEXITY" missed="0" covered="7"/><counter type="METHOD" missed="0" covered="1"/></method><method name="isValidMove" desc="(IIILsudoku/board/SudokuBoard;)Z" line="41"><counter type="INSTRUCTION" missed="0" covered="11"/><counter type="LINE" missed="0" covered="3"/><counter type="COMPLEXITY" missed="0" covered="1"/><counter type="METHOD" missed="0" covered="1"/></method><method name="fillBoardWithZeros" desc="(Lsudoku/board/SudokuBoard;)V" line="47"><counter type="INSTRUCTION" missed="0" covered="20"/><counter type="BRANCH" missed="0" covered="4"/><counter type="LINE" missed="0" covered="4"/><counter type="COMPLEXITY" missed="0" covered="3"/><counter type="METHOD" missed="0" covered="1"/></method><counter type="INSTRUCTION" missed="0" covered="159"/><counter type="BRANCH" missed="0" covered="16"/><counter type="LINE" missed="0" covered="25"/><counter type="COMPLEXITY" missed="0" covered="13"/><counter type="METHOD" missed="0" covered="5"/><counter type="CLASS" missed="0" covered="1"/></class><sourcefile name="TypeSudokuSolver.java"><line nr="9" mi="0" ci="3" mb="0" cb="0"/><line nr="13" mi="0" ci="2" mb="0" cb="0"/><line nr="14" mi="0" ci="6" mb="0" cb="0"/><line nr="15" mi="0" ci="1" mb="0" cb="0"/><line nr="18" mi="0" ci="3" mb="0" cb="2"/><line nr="19" mi="0" ci="2" mb="0" cb="0"/><line nr="22" mi="0" ci="9" mb="0" cb="2"/><line nr="23" mi="0" ci="9" mb="0" cb="2"/><line nr="25" mi="0" ci="52" mb="0" cb="0"/><line nr="26" mi="0" ci="2" mb="0" cb="0"/><line nr="27" mi="0" ci="11" mb="0" cb="2"/><line nr="28" mi="0" ci="7" mb="0" cb="2"/><line nr="29" mi="0" ci="5" mb="0" cb="0"/><line nr="30" mi="0" ci="6" mb="0" cb="2"/><line nr="31" mi="0" ci="2" mb="0" cb="0"/><line nr="33" mi="0" ci="5" mb="0" cb="0"/><line nr="35" mi="0" ci="1" mb="0" cb="0"/><line nr="37" mi="0" ci="2" mb="0" cb="0"/><line nr="41" mi="0" ci="3" mb="0" cb="0"/><line nr="42" mi="0" ci="5" mb="0" cb="0"/><line nr="43" mi="0" ci="3" mb="0" cb="0"/><line nr="47" mi="0" ci="7" mb="0" cb="2"/><line nr="48" mi="0" ci="7" mb="0" cb="2"/><line nr="49" mi="0" ci="5" mb="0" cb="0"/><line nr="52" mi="0" ci="1" mb="0" cb="0"/><counter type="INSTRUCTION" missed="0" covered="159"/><counter type="BRANCH" missed="0" covered="16"/><counter type="LINE" missed="0" covered="25"/><counter type="COMPLEXITY" missed="0" covered="13"/><counter type="METHOD" missed="0" covered="5"/><counter type="CLASS" missed="0" covered="1"/></sourcefile><sourcefile name="SudokuSolver.java"/><counter type="INSTRUCTION" missed="0" covered="159"/><counter type="BRANCH" missed="0" covered="16"/><counter type="LINE" missed="0" covered="25"/><counter type="COMPLEXITY" missed="0" covered="13"/><counter type="METHOD" missed="0" covered="5"/><counter type="CLASS" missed="0" covered="1"/></package><package name="sudoku/board"><class name="sudoku/board/SudokuBoard" sourcefilename="SudokuBoard.java"><method name="&lt;init&gt;" desc="()V" line="10"><counter type="INSTRUCTION" missed="0" covered="31"/><counter type="BRANCH" missed="0" covered="4"/><counter type="LINE" missed="0" covered="6"/><counter type="COMPLEXITY" missed="0" covered="3"/><counter type="METHOD" missed="0" covered="1"/></method><method name="copyBoard" desc="(Lsudoku/board/SudokuBoard;)Lsudoku/board/SudokuBoard;" line="21"><counter type="INSTRUCTION" missed="0" covered="28"/><counter type="BRANCH" missed="0" covered="4"/><counter type="LINE" missed="0" covered="5"/><counter type="COMPLEXITY" missed="0" covered="3"/><counter type="METHOD" missed="0" covered="1"/></method><method name="printBoard" desc="()V" line="31"><counter type="INSTRUCTION" missed="0" covered="44"/><counter type="BRANCH" missed="0" covered="12"/><counter type="LINE" missed="0" covered="10"/><counter type="COMPLEXITY" missed="0" covered="7"/><counter type="METHOD" missed="0" covered="1"/></method><method name="set" desc="(III)V" line="47"><counter type="INSTRUCTION" missed="0" covered="9"/><counter type="LINE" missed="0" covered="2"/><counter type="COMPLEXITY" missed="0" covered="1"/><counter type="METHOD" missed="0" covered="1"/></method><method name="get" desc="(II)I" line="51"><counter type="INSTRUCTION" missed="0" covered="8"/><counter type="LINE" missed="0" covered="1"/><counter type="COMPLEXITY" missed="0" covered="1"/><counter type="METHOD" missed="0" covered="1"/></method><method name="solveGame" desc="()V" line="55"><counter type="INSTRUCTION" missed="0" covered="8"/><counter type="LINE" missed="0" covered="3"/><counter type="COMPLEXITY" missed="0" covered="1"/><counter type="METHOD" missed="0" covered="1"/></method><method name="getRow" desc="(I)Lsudoku/group/SudokuRow;" line="60"><counter type="INSTRUCTION" missed="0" covered="8"/><counter type="LINE" missed="0" covered="1"/><counter type="COMPLEXITY" missed="0" covered="1"/><counter type="METHOD" missed="0" covered="1"/></method><method name="getColumn" desc="(I)Lsudoku/group/SudokuColumn;" line="64"><counter type="INSTRUCTION" missed="0" covered="24"/><counter type="BRANCH" missed="0" covered="2"/><counter type="LINE" missed="0" covered="4"/><counter type="COMPLEXITY" missed="0" covered="2"/><counter type="METHOD" missed="0" covered="1"/></method><method name="getBox" desc="(II)Lsudoku/group/SudokuBox;" line="72"><counter type="INSTRUCTION" missed="0" covered="49"/><counter type="BRANCH" missed="0" covered="4"/><counter type="LINE" missed="0" covered="8"/><counter type="COMPLEXITY" missed="0" covered="3"/><counter type="METHOD" missed="0" covered="1"/></method><method name="checkBoard" desc="()Z" line="87"><counter type="INSTRUCTION" missed="0" covered="43"/><counter type="BRANCH" missed="0" covered="12"/><counter type="LINE" missed="0" covered="8"/><counter type="COMPLEXITY" missed="0" covered="7"/><counter type="METHOD" missed="0" covered="1"/></method><counter type="INSTRUCTION" missed="0" covered="252"/><counter type="BRANCH" missed="0" covered="38"/><counter type="LINE" missed="0" covered="48"/><counter type="COMPLEXITY" missed="0" covered="29"/><counter type="METHOD" missed="0" covered="10"/><counter type="CLASS" missed="0" covered="1"/></class><class name="sudoku/board/SudokuField" sourcefilename="SudokuField.java"><method name="&lt;init&gt;" desc="(I)V" line="6"><counter type="INSTRUCTION" missed="0" covered="6"/><counter type="LINE" missed="0" covered="3"/><counter type="COMPLEXITY" missed="0" covered="1"/><counter type="METHOD" missed="0" covered="1"/></method><method name="&lt;init&gt;" desc="()V" line="11"><counter type="INSTRUCTION" missed="0" covered="4"/><counter type="LINE" missed="0" covered="2"/><counter type="COMPLEXITY" missed="0" covered="1"/><counter type="METHOD" missed="0" covered="1"/></method><method name="getFieldValue" desc="()I" line="15"><counter type="INSTRUCTION" missed="0" covered="3"/><counter type="LINE" missed="0" covered="1"/><counter type="COMPLEXITY" missed="0" covered="1"/><counter type="METHOD" missed="0" covered="1"/></method><method name="setFieldValue" desc="(I)V" line="19"><counter type="INSTRUCTION" missed="0" covered="4"/><counter type="LINE" missed="0" covered="2"/><counter type="COMPLEXITY" missed="0" covered="1"/><counter type="METHOD" missed="0" covered="1"/></method><counter type="INSTRUCTION" missed="0" covered="17"/><counter type="LINE" missed="0" covered="8"/><counter type="COMPLEXITY" missed="0" covered="4"/><counter type="METHOD" missed="0" covered="4"/><counter type="CLASS" missed="0" covered="1"/></class><sourcefile name="SudokuBoard.java"><line nr="10" mi="0" ci="5" mb="0" cb="0"/><line nr="12" mi="0" ci="2" mb="0" cb="0"/><line nr="13" mi="0" ci="7" mb="0" cb="2"/><line nr="14" mi="0" ci="7" mb="0" cb="2"/><line nr="15" mi="0" ci="9" mb="0" cb="0"/><line nr="18" mi="0" ci="1" mb="0" cb="0"/><line nr="21" mi="0" ci="4" mb="0" cb="0"/><line nr="22" mi="0" ci="7" mb="0" cb="2"/><line nr="23" mi="0" ci="7" mb="0" cb="2"/><line nr="24" mi="0" ci="8" mb="0" cb="0"/><line nr="27" mi="0" ci="2" mb="0" cb="0"/><line nr="31" mi="0" ci="7" mb="0" cb="2"/><line nr="32" mi="0" ci="7" mb="0" cb="2"/><line nr="33" mi="0" ci="7" mb="0" cb="0"/><line nr="34" mi="0" ci="6" mb="0" cb="4"/><line nr="35" mi="0" ci="3" mb="0" cb="0"/><line nr="38" mi="0" ci="2" mb="0" cb="0"/><line nr="39" mi="0" ci="6" mb="0" cb="4"/><line nr="40" mi="0" ci="3" mb="0" cb="0"/><line nr="43" mi="0" ci="2" mb="0" cb="0"/><line nr="44" mi="0" ci="1" mb="0" cb="0"/><line nr="47" mi="0" ci="8" mb="0" cb="0"/><line nr="48" mi="0" ci="1" mb="0" cb="0"/><line nr="51" mi="0" ci="8" mb="0" cb="0"/><line nr="55" mi="0" ci="4" mb="0" cb="0"/><line nr="56" mi="0" ci="3" mb="0" cb="0"/><line nr="57" mi="0" ci="1" mb="0" cb="0"/><line nr="60" mi="0" ci="8" mb="0" cb="0"/><line nr="64" mi="0" ci="3" mb="0" cb="0"/><line nr="65" mi="0" ci="7" mb="0" cb="2"/><line nr="66" mi="0" ci="9" mb="0" cb="0"/><line nr="68" mi="0" ci="5" mb="0" cb="0"/><line nr="72" mi="0" ci="4" mb="0" cb="0"/><line nr="73" mi="0" ci="4" mb="0" cb="0"/><line nr="75" mi="0" ci="3" mb="0" cb="0"/><line nr="76" mi="0" ci="7" mb="0" cb="2"/><line nr="77" mi="0" ci="7" mb="0" cb="2"/><line nr="78" mi="0" ci="6" mb="0" cb="0"/><line nr="79" mi="0" ci="13" mb="0" cb="0"/><line nr="83" mi="0" ci="5" mb="0" cb="0"/><line nr="87" mi="0" ci="7" mb="0" cb="2"/><line nr="88" mi="0" ci="10" mb="0" cb="4"/><line nr="89" mi="0" ci="2" mb="0" cb="0"/><line nr="93" mi="0" ci="7" mb="0" cb="2"/><line nr="94" mi="0" ci="7" mb="0" cb="2"/><line nr="95" mi="0" ci="6" mb="0" cb="2"/><line nr="96" mi="0" ci="2" mb="0" cb="0"/><line nr="101" mi="0" ci="2" mb="0" cb="0"/><counter type="INSTRUCTION" missed="0" covered="252"/><counter type="BRANCH" missed="0" covered="38"/><counter type="LINE" missed="0" covered="48"/><counter type="COMPLEXITY" missed="0" covered="29"/><counter type="METHOD" missed="0" covered="10"/><counter type="CLASS" missed="0" covered="1"/></sourcefile><sourcefile name="SudokuField.java"><line nr="6" mi="0" ci="2" mb="0" cb="0"/><line nr="7" mi="0" ci="3" mb="0" cb="0"/><line nr="8" mi="0" ci="1" mb="0" cb="0"/><line nr="11" mi="0" ci="3" mb="0" cb="0"/><line nr="12" mi="0" ci="1" mb="0" cb="0"/><line nr="15" mi="0" ci="3" mb="0" cb="0"/><line nr="19" mi="0" ci="3" mb="0" cb="0"/><line nr="20" mi="0" ci="1" mb="0" cb="0"/><counter type="INSTRUCTION" missed="0" covered="17"/><counter type="LINE" missed="0" covered="8"/><counter type="COMPLEXITY" missed="0" covered="4"/><counter type="METHOD" missed="0" covered="4"/><counter type="CLASS" missed="0" covered="1"/></sourcefile><counter type="INSTRUCTION" missed="0" covered="269"/><counter type="BRANCH" missed="0" covered="38"/><counter type="LINE" missed="0" covered="56"/><counter type="COMPLEXITY" missed="0" covered="33"/><counter type="METHOD" missed="0" covered="14"/><counter type="CLASS" missed="0" covered="2"/></package><package name="sudoku/group"><class name="sudoku/group/SudokuRow" sourcefilename="SudokuRow.java"><method name="&lt;init&gt;" desc="([Lsudoku/board/SudokuField;)V" line="7"><counter type="INSTRUCTION" missed="0" covered="4"/><counter type="LINE" missed="0" covered="2"/><counter type="COMPLEXITY" missed="0" covered="1"/><counter type="METHOD" missed="0" covered="1"/></method><counter type="INSTRUCTION" missed="0" covered="4"/><counter type="LINE" missed="0" covered="2"/><counter type="COMPLEXITY" missed="0" covered="1"/><counter type="METHOD" missed="0" covered="1"/><counter type="CLASS" missed="0" covered="1"/></class><class name="sudoku/group/SudokuBox" sourcefilename="SudokuBox.java"><method name="&lt;init&gt;" desc="([Lsudoku/board/SudokuField;)V" line="7"><counter type="INSTRUCTION" missed="0" covered="4"/><counter type="LINE" missed="0" covered="2"/><counter type="COMPLEXITY" missed="0" covered="1"/><counter type="METHOD" missed="0" covered="1"/></method><counter type="INSTRUCTION" missed="0" covered="4"/><counter type="LINE" missed="0" covered="2"/><counter type="COMPLEXITY" missed="0" covered="1"/><counter type="METHOD" missed="0" covered="1"/><counter type="CLASS" missed="0" covered="1"/></class><class name="sudoku/group/SudokuGroup" sourcefilename="SudokuGroup.java"><method name="&lt;init&gt;" desc="([Lsudoku/board/SudokuField;)V" line="8"><counter type="INSTRUCTION" missed="0" covered="6"/><counter type="LINE" missed="0" covered="3"/><counter type="COMPLEXITY" missed="0" covered="1"/><counter type="METHOD" missed="0" covered="1"/></method><method name="verify" desc="()Z" line="13"><counter type="INSTRUCTION" missed="0" covered="41"/><counter type="BRANCH" missed="0" covered="6"/><counter type="LINE" missed="0" covered="7"/><counter type="COMPLEXITY" missed="0" covered="4"/><counter type="METHOD" missed="0" covered="1"/></method><counter type="INSTRUCTION" missed="0" covered="47"/><counter type="BRANCH" missed="0" covered="6"/><counter type="LINE" missed="0" covered="10"/><counter type="COMPLEXITY" missed="0" covered="5"/><counter type="METHOD" missed="0" covered="2"/><counter type="CLASS" missed="0" covered="1"/></class><class name="sudoku/group/SudokuColumn" sourcefilename="SudokuColumn.java"><method name="&lt;init&gt;" desc="([Lsudoku/board/SudokuField;)V" line="7"><counter type="INSTRUCTION" missed="0" covered="4"/><counter type="LINE" missed="0" covered="2"/><counter type="COMPLEXITY" missed="0" covered="1"/><counter type="METHOD" missed="0" covered="1"/></method><counter type="INSTRUCTION" missed="0" covered="4"/><counter type="LINE" missed="0" covered="2"/><counter type="COMPLEXITY" missed="0" covered="1"/><counter type="METHOD" missed="0" covered="1"/><counter type="CLASS" missed="0" covered="1"/></class><sourcefile name="SudokuGroup.java"><line nr="8" mi="0" ci="2" mb="0" cb="0"/><line nr="9" mi="0" ci="3" mb="0" cb="0"/><line nr="10" mi="0" ci="1" mb="0" cb="0"/><line nr="13" mi="0" ci="3" mb="0" cb="0"/><line nr="14" mi="0" ci="17" mb="0" cb="2"/><line nr="15" mi="0" ci="3" mb="0" cb="0"/><line nr="16" mi="0" ci="7" mb="0" cb="0"/><line nr="17" mi="0" ci="7" mb="0" cb="4"/><line nr="18" mi="0" ci="2" mb="0" cb="0"/><line nr="21" mi="0" ci="2" mb="0" cb="0"/><counter type="INSTRUCTION" missed="0" covered="47"/><counter type="BRANCH" missed="0" covered="6"/><counter type="LINE" missed="0" covered="10"/><counter type="COMPLEXITY" missed="0" covered="5"/><counter type="METHOD" missed="0" covered="2"/><counter type="CLASS" missed="0" covered="1"/></sourcefile><sourcefile name="SudokuRow.java"><line nr="7" mi="0" ci="3" mb="0" cb="0"/><line nr="8" mi="0" ci="1" mb="0" cb="0"/><counter type="INSTRUCTION" missed="0" covered="4"/><counter type="LINE" missed="0" covered="2"/><counter type="COMPLEXITY" missed="0" covered="1"/><counter type="METHOD" missed="0" covered="1"/><counter type="CLASS" missed="0" covered="1"/></sourcefile><sourcefile name="SudokuBox.java"><line nr="7" mi="0" ci="3" mb="0" cb="0"/><line nr="8" mi="0" ci="1" mb="0" cb="0"/><counter type="INSTRUCTION" missed="0" covered="4"/><counter type="LINE" missed="0" covered="2"/><counter type="COMPLEXITY" missed="0" covered="1"/><counter type="METHOD" missed="0" covered="1"/><counter type="CLASS" missed="0" covered="1"/></sourcefile><sourcefile name="SudokuColumn.java"><line nr="7" mi="0" ci="3" mb="0" cb="0"/><line nr="8" mi="0" ci="1" mb="0" cb="0"/><counter type="INSTRUCTION" missed="0" covered="4"/><counter type="LINE" missed="0" covered="2"/><counter type="COMPLEXITY" missed="0" covered="1"/><counter type="METHOD" missed="0" covered="1"/><counter type="CLASS" missed="0" covered="1"/></sourcefile><counter type="INSTRUCTION" missed="0" covered="59"/><counter type="BRANCH" missed="0" covered="6"/><counter type="LINE" missed="0" covered="16"/><counter type="COMPLEXITY" missed="0" covered="8"/><counter type="METHOD" missed="0" covered="5"/><counter type="CLASS" missed="0" covered="4"/></package><counter type="INSTRUCTION" missed="0" covered="487"/><counter type="BRANCH" missed="0" covered="60"/><counter type="LINE" missed="0" covered="97"/><counter type="COMPLEXITY" missed="0" covered="54"/><counter type="METHOD" missed="0" covered="24"/><counter type="CLASS" missed="0" covered="7"/></report>