<?xml version="1.0" encoding="UTF-8" standalone="yes"?><!DOCTYPE report PUBLIC "-//JACOCO//DTD Report 1.1//EN" "report.dtd"><report name="ComponentProgramming"><sessioninfo id="DESKTOP-AFBEIP7-6899f50c" start="1679394530872" dump="1679394534016"/><sessioninfo id="DESKTOP-AFBEIP7-676bf21" start="1679394876796" dump="1679394880155"/><sessioninfo id="DESKTOP-AFBEIP7-b8b1771d" start="1679394908864" dump="1679394912464"/><sessioninfo id="DESKTOP-AFBEIP7-fbefb737" start="1679406755746" dump="1679406757840"/><sessioninfo id="DESKTOP-AFBEIP7-fb4ebe8a" start="1679407129918" dump="1679407131965"/><sessioninfo id="DESKTOP-AFBEIP7-351a9706" start="1679480684636" dump="1679480687441"/><sessioninfo id="DESKTOP-AFBEIP7-37f31667" start="1679481136668" dump="1679481139450"/><sessioninfo id="DESKTOP-AFBEIP7-bb3b7e76" start="1679481324749" dump="1679481327701"/><sessioninfo id="DESKTOP-AFBEIP7-24e29961" start="1679481958378" dump="1679481961548"/><sessioninfo id="DESKTOP-AFBEIP7-6c0f0ac1" start="1679482006292" dump="1679482009555"/><sessioninfo id="DESKTOP-AFBEIP7-e2aebed6" start="1679482073159" dump="1679482077008"/><sessioninfo id="DESKTOP-AFBEIP7-131348b4" start="1679482156843" dump="1679482159672"/><sessioninfo id="DESKTOP-AFBEIP7-850c3c7" start="1679482189788" dump="1679482192515"/><sessioninfo id="DESKTOP-AFBEIP7-d1f2f5cc" start="1679482220181" dump="1679482223143"/><sessioninfo id="DESKTOP-AFBEIP7-dd5e98b9" start="1679482295281" dump="1679482298728"/><sessioninfo id="DESKTOP-AFBEIP7-fd5feb50" start="1679482359349" dump="1679482362790"/><sessioninfo id="DESKTOP-AFBEIP7-fe47adef" start="1679483436705" dump="1679483439837"/><sessioninfo id="DESKTOP-AFBEIP7-fe60f445" start="1679483610507" dump="1679483613777"/><sessioninfo id="DESKTOP-AFBEIP7-d3cd9fb8" start="1679483640283" dump="1679483643479"/><sessioninfo id="DESKTOP-AFBEIP7-8974da0b" start="1679483679062" dump="1679483682293"/><sessioninfo id="DESKTOP-AFBEIP7-f54b66a4" start="1679483906990" dump="1679483910941"/><sessioninfo id="DESKTOP-AFBEIP7-42cf675e" start="1679483968301" dump="1679483973499"/><sessioninfo id="DESKTOP-AFBEIP7-a7771b0b" start="1679484120919" dump="1679484124217"/><sessioninfo id="DESKTOP-AFBEIP7-29df596c" start="1679484176259" dump="1679484179671"/><sessioninfo id="DESKTOP-AFBEIP7-d179d90" start="1679487389303" dump="1679487394509"/><sessioninfo id="DESKTOP-AFBEIP7-ab5591c6" start="1679487518714" dump="1679487522366"/><sessioninfo id="DESKTOP-AFBEIP7-e057c367" start="1679487585613" dump="1679487589802"/><sessioninfo id="DESKTOP-AFBEIP7-a2490afa" start="1679487659627" dump="1679487662483"/><sessioninfo id="DESKTOP-AFBEIP7-51dc738b" start="1679487690931" dump="1679487694192"/><sessioninfo id="DESKTOP-AFBEIP7-ba002317" start="1679488775108" dump="1679488778834"/><sessioninfo id="DESKTOP-AFBEIP7-eec3bb7d" start="1679488846999" dump="1679488850139"/><sessioninfo id="DESKTOP-AFBEIP7-dd6f96a4" start="1679488889108" dump="1679488892264"/><package name="sudoku"><class name="sudoku/SudokuBoard" sourcefilename="SudokuBoard.java"><method name="&lt;init&gt;" desc="(II)V" line="13"><counter type="INSTRUCTION" missed="0" covered="37"/><counter type="BRANCH" missed="0" covered="4"/><counter type="LINE" missed="0" covered="6"/><counter type="COMPLEXITY" missed="0" covered="3"/><counter type="METHOD" missed="0" covered="1"/></method><method name="get" desc="(II)Lsudoku/SudokuField;" line="26"><counter type="INSTRUCTION" missed="7" covered="0"/><counter type="LINE" missed="1" covered="0"/><counter type="COMPLEXITY" missed="1" covered="0"/><counter type="METHOD" missed="1" covered="0"/></method><method name="solveGame" desc="()V" line="30"><counter type="INSTRUCTION" missed="0" covered="9"/><counter type="LINE" missed="0" covered="3"/><counter type="COMPLEXITY" missed="0" covered="1"/><counter type="METHOD" missed="0" covered="1"/></method><method name="printBoard" desc="()V" line="35"><counter type="INSTRUCTION" missed="0" covered="47"/><counter type="BRANCH" missed="0" covered="12"/><counter type="LINE" missed="0" covered="10"/><counter type="COMPLEXITY" missed="0" covered="7"/><counter type="METHOD" missed="0" covered="1"/></method><method name="getRow" desc="(I)Lsudoku/SudokuRow;" line="51"><counter type="INSTRUCTION" missed="29" covered="0"/><counter type="BRANCH" missed="2" covered="0"/><counter type="LINE" missed="5" covered="0"/><counter type="COMPLEXITY" missed="2" covered="0"/><counter type="METHOD" missed="1" covered="0"/></method><method name="getColumn" desc="(I)Lsudoku/SudokuColumn;" line="60"><counter type="INSTRUCTION" missed="29" covered="0"/><counter type="BRANCH" missed="2" covered="0"/><counter type="LINE" missed="5" covered="0"/><counter type="COMPLEXITY" missed="2" covered="0"/><counter type="METHOD" missed="1" covered="0"/></method><counter type="INSTRUCTION" missed="65" covered="93"/><counter type="BRANCH" missed="4" covered="16"/><counter type="LINE" missed="11" covered="19"/><counter type="COMPLEXITY" missed="5" covered="11"/><counter type="METHOD" missed="3" covered="3"/><counter type="CLASS" missed="0" covered="1"/></class><class name="sudoku/SudokuSolver" sourcefilename="SudokuSolver.java"><method name="&lt;init&gt;" desc="()V" line="8"><counter type="INSTRUCTION" missed="0" covered="3"/><counter type="LINE" missed="0" covered="1"/><counter type="COMPLEXITY" missed="0" covered="1"/><counter type="METHOD" missed="0" covered="1"/></method><method name="fillBoard" desc="([[Lsudoku/SudokuField;)V" line="12"><counter type="INSTRUCTION" missed="0" covered="7"/><counter type="LINE" missed="0" covered="2"/><counter type="COMPLEXITY" missed="0" covered="1"/><counter type="METHOD" missed="0" covered="1"/></method><method name="backtrack" desc="(II[[Lsudoku/SudokuField;)Z" line="17"><counter type="INSTRUCTION" missed="6" covered="127"/><counter type="BRANCH" missed="1" covered="13"/><counter type="LINE" missed="1" covered="15"/><counter type="COMPLEXITY" missed="1" covered="7"/><counter type="METHOD" missed="0" covered="1"/></method><method name="isValid" desc="(III[[Lsudoku/SudokuField;)Z" line="44"><counter type="INSTRUCTION" missed="0" covered="67"/><counter type="BRANCH" missed="0" covered="12"/><counter type="LINE" missed="0" covered="10"/><counter type="COMPLEXITY" missed="0" covered="7"/><counter type="METHOD" missed="0" covered="1"/></method><method name="clearBoard" desc="([[Lsudoku/SudokuField;)V" line="64"><counter type="INSTRUCTION" missed="22" covered="0"/><counter type="BRANCH" missed="4" covered="0"/><counter type="LINE" missed="4" covered="0"/><counter type="COMPLEXITY" missed="3" covered="0"/><counter type="METHOD" missed="1" covered="0"/></method><counter type="INSTRUCTION" missed="28" covered="204"/><counter type="BRANCH" missed="5" covered="25"/><counter type="LINE" missed="5" covered="28"/><counter type="COMPLEXITY" missed="4" covered="16"/><counter type="METHOD" missed="1" covered="4"/><counter type="CLASS" missed="0" covered="1"/></class><class name="sudoku/SudokuColumn" sourcefilename="SudokuColumn.java"><method name="&lt;init&gt;" desc="([Lsudoku/SudokuField;)V" line="8"><counter type="INSTRUCTION" missed="6" covered="0"/><counter type="LINE" missed="3" covered="0"/><counter type="COMPLEXITY" missed="1" covered="0"/><counter type="METHOD" missed="1" covered="0"/></method><method name="verify" desc="()Z" line="13"><counter type="INSTRUCTION" missed="25" covered="0"/><counter type="BRANCH" missed="4" covered="0"/><counter type="LINE" missed="6" covered="0"/><counter type="COMPLEXITY" missed="3" covered="0"/><counter type="METHOD" missed="1" covered="0"/></method><counter type="INSTRUCTION" missed="31" covered="0"/><counter type="BRANCH" missed="4" covered="0"/><counter type="LINE" missed="9" covered="0"/><counter type="COMPLEXITY" missed="4" covered="0"/><counter type="METHOD" missed="2" covered="0"/><counter type="CLASS" missed="1" covered="0"/></class><class name="sudoku/SudokuRow" sourcefilename="SudokuRow.java"><method name="&lt;init&gt;" desc="([Lsudoku/SudokuField;)V" line="8"><counter type="INSTRUCTION" missed="6" covered="0"/><counter type="LINE" missed="3" covered="0"/><counter type="COMPLEXITY" missed="1" covered="0"/><counter type="METHOD" missed="1" covered="0"/></method><method name="verify" desc="()Z" line="13"><counter type="INSTRUCTION" missed="25" covered="0"/><counter type="BRANCH" missed="4" covered="0"/><counter type="LINE" missed="6" covered="0"/><counter type="COMPLEXITY" missed="3" covered="0"/><counter type="METHOD" missed="1" covered="0"/></method><counter type="INSTRUCTION" missed="31" covered="0"/><counter type="BRANCH" missed="4" covered="0"/><counter type="LINE" missed="9" covered="0"/><counter type="COMPLEXITY" missed="4" covered="0"/><counter type="METHOD" missed="2" covered="0"/><counter type="CLASS" missed="1" covered="0"/></class><class name="sudoku/SudokuField" sourcefilename="SudokuField.java"><method name="&lt;init&gt;" desc="()V" line="3"><counter type="INSTRUCTION" missed="0" covered="3"/><counter type="LINE" missed="0" covered="1"/><counter type="COMPLEXITY" missed="0" covered="1"/><counter type="METHOD" missed="0" covered="1"/></method><method name="getFieldValue" desc="()I" line="7"><counter type="INSTRUCTION" missed="0" covered="3"/><counter type="LINE" missed="0" covered="1"/><counter type="COMPLEXITY" missed="0" covered="1"/><counter type="METHOD" missed="0" covered="1"/></method><method name="setFieldValue" desc="(I)V" line="11"><counter type="INSTRUCTION" missed="0" covered="4"/><counter type="LINE" missed="0" covered="2"/><counter type="COMPLEXITY" missed="0" covered="1"/><counter type="METHOD" missed="0" covered="1"/></method><counter type="INSTRUCTION" missed="0" covered="10"/><counter type="LINE" missed="0" covered="4"/><counter type="COMPLEXITY" missed="0" covered="3"/><counter type="METHOD" missed="0" covered="3"/><counter type="CLASS" missed="0" covered="1"/></class><sourcefile name="SudokuSolver.java"><line nr="8" mi="0" ci="3" mb="0" cb="0"/><line nr="12" mi="0" ci="6" mb="0" cb="0"/><line nr="13" mi="0" ci="1" mb="0" cb="0"/><line nr="17" mi="0" ci="3" mb="0" cb="2"/><line nr="18" mi="0" ci="2" mb="0" cb="0"/><line nr="21" mi="0" ci="9" mb="0" cb="2"/><line nr="22" mi="0" ci="9" mb="0" cb="2"/><line nr="24" mi="0" ci="7" mb="1" cb="1"/><line nr="25" mi="6" ci="0" mb="0" cb="0"/><line nr="28" mi="0" ci="52" mb="0" cb="0"/><line nr="29" mi="0" ci="2" mb="0" cb="0"/><line nr="30" mi="0" ci="11" mb="0" cb="2"/><line nr="31" mi="0" ci="7" mb="0" cb="2"/><line nr="32" mi="0" ci="7" mb="0" cb="0"/><line nr="33" mi="0" ci="6" mb="0" cb="2"/><line nr="34" mi="0" ci="2" mb="0" cb="0"/><line nr="36" mi="0" ci="7" mb="0" cb="0"/><line nr="38" mi="0" ci="1" mb="0" cb="0"/><line nr="40" mi="0" ci="2" mb="0" cb="0"/><line nr="44" mi="0" ci="7" mb="0" cb="2"/><line nr="45" mi="0" ci="16" mb="0" cb="4"/><line nr="46" mi="0" ci="2" mb="0" cb="0"/><line nr="50" mi="0" ci="6" mb="0" cb="0"/><line nr="51" mi="0" ci="6" mb="0" cb="0"/><line nr="52" mi="0" ci="9" mb="0" cb="2"/><line nr="53" mi="0" ci="9" mb="0" cb="2"/><line nr="54" mi="0" ci="8" mb="0" cb="2"/><line nr="55" mi="0" ci="2" mb="0" cb="0"/><line nr="60" mi="0" ci="2" mb="0" cb="0"/><line nr="64" mi="7" ci="0" mb="2" cb="0"/><line nr="65" mi="7" ci="0" mb="2" cb="0"/><line nr="66" mi="7" ci="0" mb="0" cb="0"/><line nr="69" mi="1" ci="0" mb="0" cb="0"/><counter type="INSTRUCTION" missed="28" covered="204"/><counter type="BRANCH" missed="5" covered="25"/><counter type="LINE" missed="5" covered="28"/><counter type="COMPLEXITY" missed="4" covered="16"/><counter type="METHOD" missed="1" covered="4"/><counter type="CLASS" missed="0" covered="1"/></sourcefile><sourcefile name="SudokuColumn.java"><line nr="8" mi="2" ci="0" mb="0" cb="0"/><line nr="9" mi="3" ci="0" mb="0" cb="0"/><line nr="10" mi="1" ci="0" mb="0" cb="0"/><line nr="13" mi="3" ci="0" mb="0" cb="0"/><line nr="14" mi="2" ci="0" mb="0" cb="0"/><line nr="15" mi="7" ci="0" mb="2" cb="0"/><line nr="16" mi="9" ci="0" mb="2" cb="0"/><line nr="17" mi="2" ci="0" mb="0" cb="0"/><line nr="20" mi="2" ci="0" mb="0" cb="0"/><counter type="INSTRUCTION" missed="31" covered="0"/><counter type="BRANCH" missed="4" covered="0"/><counter type="LINE" missed="9" covered="0"/><counter type="COMPLEXITY" missed="4" covered="0"/><counter type="METHOD" missed="2" covered="0"/><counter type="CLASS" missed="1" covered="0"/></sourcefile><sourcefile name="SudokuField.java"><line nr="3" mi="0" ci="3" mb="0" cb="0"/><line nr="7" mi="0" ci="3" mb="0" cb="0"/><line nr="11" mi="0" ci="3" mb="0" cb="0"/><line nr="12" mi="0" ci="1" mb="0" cb="0"/><counter type="INSTRUCTION" missed="0" covered="10"/><counter type="LINE" missed="0" covered="4"/><counter type="COMPLEXITY" missed="0" covered="3"/><counter type="METHOD" missed="0" covered="3"/><counter type="CLASS" missed="0" covered="1"/></sourcefile><sourcefile name="SudokuRow.java"><line nr="8" mi="2" ci="0" mb="0" cb="0"/><line nr="9" mi="3" ci="0" mb="0" cb="0"/><line nr="10" mi="1" ci="0" mb="0" cb="0"/><line nr="13" mi="3" ci="0" mb="0" cb="0"/><line nr="14" mi="2" ci="0" mb="0" cb="0"/><line nr="15" mi="7" ci="0" mb="2" cb="0"/><line nr="16" mi="9" ci="0" mb="2" cb="0"/><line nr="17" mi="2" ci="0" mb="0" cb="0"/><line nr="20" mi="2" ci="0" mb="0" cb="0"/><counter type="INSTRUCTION" missed="31" covered="0"/><counter type="BRANCH" missed="4" covered="0"/><counter type="LINE" missed="9" covered="0"/><counter type="COMPLEXITY" missed="4" covered="0"/><counter type="METHOD" missed="2" covered="0"/><counter type="CLASS" missed="1" covered="0"/></sourcefile><sourcefile name="SudokuBoard.java"><line nr="13" mi="0" ci="2" mb="0" cb="0"/><line nr="14" mi="0" ci="5" mb="0" cb="0"/><line nr="15" mi="0" ci="9" mb="0" cb="2"/><line nr="16" mi="0" ci="11" mb="0" cb="2"/><line nr="17" mi="0" ci="9" mb="0" cb="0"/><line nr="20" mi="0" ci="1" mb="0" cb="0"/><line nr="26" mi="7" ci="0" mb="0" cb="0"/><line nr="30" mi="0" ci="4" mb="0" cb="0"/><line nr="31" mi="0" ci="4" mb="0" cb="0"/><line nr="32" mi="0" ci="1" mb="0" cb="0"/><line nr="35" mi="0" ci="7" mb="0" cb="2"/><line nr="36" mi="0" ci="7" mb="0" cb="2"/><line nr="37" mi="0" ci="10" mb="0" cb="0"/><line nr="38" mi="0" ci="6" mb="0" cb="4"/><line nr="39" mi="0" ci="3" mb="0" cb="0"/><line nr="42" mi="0" ci="2" mb="0" cb="0"/><line nr="43" mi="0" ci="6" mb="0" cb="4"/><line nr="44" mi="0" ci="3" mb="0" cb="0"/><line nr="47" mi="0" ci="2" mb="0" cb="0"/><line nr="48" mi="0" ci="1" mb="0" cb="0"/><line nr="51" mi="4" ci="0" mb="0" cb="0"/><line nr="52" mi="7" ci="0" mb="2" cb="0"/><line nr="53" mi="10" ci="0" mb="0" cb="0"/><line nr="55" mi="6" ci="0" mb="0" cb="0"/><line nr="56" mi="2" ci="0" mb="0" cb="0"/><line nr="60" mi="4" ci="0" mb="0" cb="0"/><line nr="61" mi="7" ci="0" mb="2" cb="0"/><line nr="62" mi="10" ci="0" mb="0" cb="0"/><line nr="64" mi="6" ci="0" mb="0" cb="0"/><line nr="65" mi="2" ci="0" mb="0" cb="0"/><counter type="INSTRUCTION" missed="65" covered="93"/><counter type="BRANCH" missed="4" covered="16"/><counter type="LINE" missed="11" covered="19"/><counter type="COMPLEXITY" missed="5" covered="11"/><counter type="METHOD" missed="3" covered="3"/><counter type="CLASS" missed="0" covered="1"/></sourcefile><counter type="INSTRUCTION" missed="155" covered="307"/><counter type="BRANCH" missed="17" covered="41"/><counter type="LINE" missed="34" covered="51"/><counter type="COMPLEXITY" missed="17" covered="30"/><counter type="METHOD" missed="8" covered="10"/><counter type="CLASS" missed="2" covered="3"/></package><package name="org/example"><class name="org/example/Main" sourcefilename="Main.java"><method name="&lt;init&gt;" desc="()V" line="4"><counter type="INSTRUCTION" missed="3" covered="0"/><counter type="LINE" missed="1" covered="0"/><counter type="COMPLEXITY" missed="1" covered="0"/><counter type="METHOD" missed="1" covered="0"/></method><method name="main" desc="([Ljava/lang/String;)V" line="6"><counter type="INSTRUCTION" missed="1" covered="0"/><counter type="LINE" missed="1" covered="0"/><counter type="COMPLEXITY" missed="1" covered="0"/><counter type="METHOD" missed="1" covered="0"/></method><counter type="INSTRUCTION" missed="4" covered="0"/><counter type="LINE" missed="2" covered="0"/><counter type="COMPLEXITY" missed="2" covered="0"/><counter type="METHOD" missed="2" covered="0"/><counter type="CLASS" missed="1" covered="0"/></class><sourcefile name="Main.java"><line nr="4" mi="3" ci="0" mb="0" cb="0"/><line nr="6" mi="1" ci="0" mb="0" cb="0"/><counter type="INSTRUCTION" missed="4" covered="0"/><counter type="LINE" missed="2" covered="0"/><counter type="COMPLEXITY" missed="2" covered="0"/><counter type="METHOD" missed="2" covered="0"/><counter type="CLASS" missed="1" covered="0"/></sourcefile><counter type="INSTRUCTION" missed="4" covered="0"/><counter type="LINE" missed="2" covered="0"/><counter type="COMPLEXITY" missed="2" covered="0"/><counter type="METHOD" missed="2" covered="0"/><counter type="CLASS" missed="1" covered="0"/></package><counter type="INSTRUCTION" missed="159" covered="307"/><counter type="BRANCH" missed="17" covered="41"/><counter type="LINE" missed="36" covered="51"/><counter type="COMPLEXITY" missed="19" covered="30"/><counter type="METHOD" missed="10" covered="10"/><counter type="CLASS" missed="3" covered="3"/></report>